<?xml version="1.0" encoding="UTF-8"?>
<testsuite name="id.co.telkomsel.sena.tutorialvertx.TestMainVerticle" tests="1" skipped="0" failures="0" errors="0" timestamp="2021-06-12T14:40:29" hostname="SFMA" time="0.864">
  <properties/>
  <testcase name="verticle_deployed(Vertx, VertxTestContext)" classname="id.co.telkomsel.sena.tutorialvertx.TestMainVerticle" time="0.864"/>
  <system-out><![CDATA[HTTP server started on port 8888
]]></system-out>
  <system-err><![CDATA[]]></system-err>
</testsuite>
